<?xml version="1.0" encoding="UTF-8"?>
<testsuite name="com.adneom.api.TestPartitionCreator" tests="5" skipped="0" failures="0" errors="0" timestamp="2018-04-10T20:50:09" hostname="SNEHALJAWKAR" time="0.015">
  <properties/>
  <testcase name="testPartitionEmptyInputList" classname="com.adneom.api.TestPartitionCreator" time="0.0"/>
  <testcase name="testPartitionNullInputList" classname="com.adneom.api.TestPartitionCreator" time="0.0"/>
  <testcase name="testPartition" classname="com.adneom.api.TestPartitionCreator" time="0.015"/>
  <testcase name="testPartitionInvalidSize" classname="com.adneom.api.TestPartitionCreator" time="0.0"/>
  <testcase name="testPartitionLargeSize" classname="com.adneom.api.TestPartitionCreator" time="0.0"/>
  <system-out><![CDATA[]]></system-out>
  <system-err><![CDATA[]]></system-err>
</testsuite>
